

Microchip MPLAB XC8 Assembler V2.05 build -831301201 
                                                                                               Mon Apr 08 19:28:31 2019

Microchip MPLAB XC8 C Compiler v2.05 (Free license) build 20181220022703 Og9 
     1                           	processor	16F88
     2                           	opt	pw 120
     3                           	opt	flic
     4                           	psect	cinit,global,class=CODE,merge=1,delta=2
     5                           	psect	bssCOMMON,global,class=COMMON,space=1,delta=1
     6                           	psect	bssBANK0,global,class=BANK0,space=1,delta=1
     7                           	psect	cstackCOMMON,global,class=COMMON,space=1,delta=1
     8                           	psect	cstackBANK0,global,class=BANK0,space=1,delta=1
     9                           	psect	maintext,global,class=CODE,split=1,delta=2
    10                           	psect	text1,local,class=CODE,merge=1,delta=2
    11                           	psect	text2,local,class=CODE,merge=1,delta=2,group=1
    12                           	psect	text3,local,class=CODE,merge=1,delta=2,group=1
    13                           	psect	text4,local,class=CODE,merge=1,delta=2,group=1
    14                           	psect	text5,local,class=CODE,merge=1,delta=2
    15                           	psect	text6,local,class=CODE,merge=1,delta=2
    16                           	psect	text7,local,class=CODE,merge=1,delta=2
    17                           	psect	intentry,global,class=CODE,delta=2
    18                           	dabs	1,0x7E,2
    19  0000                     
    20                           ; Version 2.05
    21                           ; Generated 20/12/2018 GMT
    22                           ; 
    23                           ; Copyright © 2018, Microchip Technology Inc. and its subsidiaries ("Microchip")
    24                           ; All rights reserved.
    25                           ; 
    26                           ; This software is developed by Microchip Technology Inc. and its subsidiaries ("Microch
      +                          ip").
    27                           ; 
    28                           ; Redistribution and use in source and binary forms, with or without modification, are
    29                           ; permitted provided that the following conditions are met:
    30                           ; 
    31                           ;     1. Redistributions of source code must retain the above copyright notice, this lis
      +                          t of
    32                           ;        conditions and the following disclaimer.
    33                           ; 
    34                           ;     2. Redistributions in binary form must reproduce the above copyright notice, this 
      +                          list
    35                           ;        of conditions and the following disclaimer in the documentation and/or other
    36                           ;        materials provided with the distribution.
    37                           ; 
    38                           ;     3. Microchip's name may not be used to endorse or promote products derived from th
      +                          is
    39                           ;        software without specific prior written permission.
    40                           ; 
    41                           ; THIS SOFTWARE IS PROVIDED BY MICROCHIP "AS IS" AND ANY EXPRESS OR IMPLIED WARRANTIES,
    42                           ; INCLUDING, BUT NOT LIMITED TO, THE IMPLIED WARRANTIES OF MERCHANTABILITY AND FITNESS F
      +                          OR
    43                           ; PURPOSE ARE DISCLAIMED.  IN NO EVENT SHALL MICROCHIP BE LIABLE FOR ANY DIRECT, INDIREC
      +                          T,
    44                           ; INCIDENTAL, SPECIAL, EXEMPLARY, OR CONSEQUENTIAL DAMAGES (INCLUDING BUT NOT LIMITED TO
    45                           ; PROCUREMENT OF SUBSTITUTE GOODS OR SERVICES; LOSS OF USE, DATA OR PROFITS; OR BUSINESS
    46                           ; INTERRUPTION) HOWSOEVER CAUSED AND ON ANY THEORY OF LIABILITY, WHETHER IN CONTRACT, ST
      +                          RICT
    47                           ; LIABILITY, OR TORT (INCLUDING NEGLIGENCE OR OTHERWISE) ARISING IN ANY WAY OUT OF THE U
      +                          SE OF
    48                           ; THIS SOFTWARE, EVEN IF ADVISED OF THE POSSIBILITY OF SUCH DAMAGE.
    49                           ; 
    50                           ; 
    51                           ; Code-generator required, PIC16F88 Definitions
    52                           ; 
    53                           ; SFR Addresses
    54  0000                     	;# 
    55  0001                     	;# 
    56  0002                     	;# 
    57  0003                     	;# 
    58  0004                     	;# 
    59  0005                     	;# 
    60  0006                     	;# 
    61  000A                     	;# 
    62  000B                     	;# 
    63  000C                     	;# 
    64  000D                     	;# 
    65  000E                     	;# 
    66  000E                     	;# 
    67  000F                     	;# 
    68  0010                     	;# 
    69  0011                     	;# 
    70  0012                     	;# 
    71  0013                     	;# 
    72  0014                     	;# 
    73  0015                     	;# 
    74  0015                     	;# 
    75  0016                     	;# 
    76  0017                     	;# 
    77  0018                     	;# 
    78  0019                     	;# 
    79  001A                     	;# 
    80  001E                     	;# 
    81  001F                     	;# 
    82  0081                     	;# 
    83  0085                     	;# 
    84  0086                     	;# 
    85  008C                     	;# 
    86  008D                     	;# 
    87  008E                     	;# 
    88  008F                     	;# 
    89  0090                     	;# 
    90  0092                     	;# 
    91  0093                     	;# 
    92  0094                     	;# 
    93  0098                     	;# 
    94  0099                     	;# 
    95  009B                     	;# 
    96  009C                     	;# 
    97  009D                     	;# 
    98  009E                     	;# 
    99  009F                     	;# 
   100  0105                     	;# 
   101  010C                     	;# 
   102  010D                     	;# 
   103  010E                     	;# 
   104  010F                     	;# 
   105  018C                     	;# 
   106  018D                     	;# 
   107  0000                     	;# 
   108  0001                     	;# 
   109  0002                     	;# 
   110  0003                     	;# 
   111  0004                     	;# 
   112  0005                     	;# 
   113  0006                     	;# 
   114  000A                     	;# 
   115  000B                     	;# 
   116  000C                     	;# 
   117  000D                     	;# 
   118  000E                     	;# 
   119  000E                     	;# 
   120  000F                     	;# 
   121  0010                     	;# 
   122  0011                     	;# 
   123  0012                     	;# 
   124  0013                     	;# 
   125  0014                     	;# 
   126  0015                     	;# 
   127  0015                     	;# 
   128  0016                     	;# 
   129  0017                     	;# 
   130  0018                     	;# 
   131  0019                     	;# 
   132  001A                     	;# 
   133  001E                     	;# 
   134  001F                     	;# 
   135  0081                     	;# 
   136  0085                     	;# 
   137  0086                     	;# 
   138  008C                     	;# 
   139  008D                     	;# 
   140  008E                     	;# 
   141  008F                     	;# 
   142  0090                     	;# 
   143  0092                     	;# 
   144  0093                     	;# 
   145  0094                     	;# 
   146  0098                     	;# 
   147  0099                     	;# 
   148  009B                     	;# 
   149  009C                     	;# 
   150  009D                     	;# 
   151  009E                     	;# 
   152  009F                     	;# 
   153  0105                     	;# 
   154  010C                     	;# 
   155  010D                     	;# 
   156  010E                     	;# 
   157  010F                     	;# 
   158  018C                     	;# 
   159  018D                     	;# 
   160  0000                     	;# 
   161  0001                     	;# 
   162  0002                     	;# 
   163  0003                     	;# 
   164  0004                     	;# 
   165  0005                     	;# 
   166  0006                     	;# 
   167  000A                     	;# 
   168  000B                     	;# 
   169  000C                     	;# 
   170  000D                     	;# 
   171  000E                     	;# 
   172  000E                     	;# 
   173  000F                     	;# 
   174  0010                     	;# 
   175  0011                     	;# 
   176  0012                     	;# 
   177  0013                     	;# 
   178  0014                     	;# 
   179  0015                     	;# 
   180  0015                     	;# 
   181  0016                     	;# 
   182  0017                     	;# 
   183  0018                     	;# 
   184  0019                     	;# 
   185  001A                     	;# 
   186  001E                     	;# 
   187  001F                     	;# 
   188  0081                     	;# 
   189  0085                     	;# 
   190  0086                     	;# 
   191  008C                     	;# 
   192  008D                     	;# 
   193  008E                     	;# 
   194  008F                     	;# 
   195  0090                     	;# 
   196  0092                     	;# 
   197  0093                     	;# 
   198  0094                     	;# 
   199  0098                     	;# 
   200  0099                     	;# 
   201  009B                     	;# 
   202  009C                     	;# 
   203  009D                     	;# 
   204  009E                     	;# 
   205  009F                     	;# 
   206  0105                     	;# 
   207  010C                     	;# 
   208  010D                     	;# 
   209  010E                     	;# 
   210  010F                     	;# 
   211  018C                     	;# 
   212  018D                     	;# 
   213  0000                     	;# 
   214  0001                     	;# 
   215  0002                     	;# 
   216  0003                     	;# 
   217  0004                     	;# 
   218  0005                     	;# 
   219  0006                     	;# 
   220  000A                     	;# 
   221  000B                     	;# 
   222  000C                     	;# 
   223  000D                     	;# 
   224  000E                     	;# 
   225  000E                     	;# 
   226  000F                     	;# 
   227  0010                     	;# 
   228  0011                     	;# 
   229  0012                     	;# 
   230  0013                     	;# 
   231  0014                     	;# 
   232  0015                     	;# 
   233  0015                     	;# 
   234  0016                     	;# 
   235  0017                     	;# 
   236  0018                     	;# 
   237  0019                     	;# 
   238  001A                     	;# 
   239  001E                     	;# 
   240  001F                     	;# 
   241  0081                     	;# 
   242  0085                     	;# 
   243  0086                     	;# 
   244  008C                     	;# 
   245  008D                     	;# 
   246  008E                     	;# 
   247  008F                     	;# 
   248  0090                     	;# 
   249  0092                     	;# 
   250  0093                     	;# 
   251  0094                     	;# 
   252  0098                     	;# 
   253  0099                     	;# 
   254  009B                     	;# 
   255  009C                     	;# 
   256  009D                     	;# 
   257  009E                     	;# 
   258  009F                     	;# 
   259  0105                     	;# 
   260  010C                     	;# 
   261  010D                     	;# 
   262  010E                     	;# 
   263  010F                     	;# 
   264  018C                     	;# 
   265  018D                     	;# 
   266  0000                     	;# 
   267  0001                     	;# 
   268  0002                     	;# 
   269  0003                     	;# 
   270  0004                     	;# 
   271  0005                     	;# 
   272  0006                     	;# 
   273  000A                     	;# 
   274  000B                     	;# 
   275  000C                     	;# 
   276  000D                     	;# 
   277  000E                     	;# 
   278  000E                     	;# 
   279  000F                     	;# 
   280  0010                     	;# 
   281  0011                     	;# 
   282  0012                     	;# 
   283  0013                     	;# 
   284  0014                     	;# 
   285  0015                     	;# 
   286  0015                     	;# 
   287  0016                     	;# 
   288  0017                     	;# 
   289  0018                     	;# 
   290  0019                     	;# 
   291  001A                     	;# 
   292  001E                     	;# 
   293  001F                     	;# 
   294  0081                     	;# 
   295  0085                     	;# 
   296  0086                     	;# 
   297  008C                     	;# 
   298  008D                     	;# 
   299  008E                     	;# 
   300  008F                     	;# 
   301  0090                     	;# 
   302  0092                     	;# 
   303  0093                     	;# 
   304  0094                     	;# 
   305  0098                     	;# 
   306  0099                     	;# 
   307  009B                     	;# 
   308  009C                     	;# 
   309  009D                     	;# 
   310  009E                     	;# 
   311  009F                     	;# 
   312  0105                     	;# 
   313  010C                     	;# 
   314  010D                     	;# 
   315  010E                     	;# 
   316  010F                     	;# 
   317  018C                     	;# 
   318  018D                     	;# 
   319  0000                     	;# 
   320  0001                     	;# 
   321  0002                     	;# 
   322  0003                     	;# 
   323  0004                     	;# 
   324  0005                     	;# 
   325  0006                     	;# 
   326  000A                     	;# 
   327  000B                     	;# 
   328  000C                     	;# 
   329  000D                     	;# 
   330  000E                     	;# 
   331  000E                     	;# 
   332  000F                     	;# 
   333  0010                     	;# 
   334  0011                     	;# 
   335  0012                     	;# 
   336  0013                     	;# 
   337  0014                     	;# 
   338  0015                     	;# 
   339  0015                     	;# 
   340  0016                     	;# 
   341  0017                     	;# 
   342  0018                     	;# 
   343  0019                     	;# 
   344  001A                     	;# 
   345  001E                     	;# 
   346  001F                     	;# 
   347  0081                     	;# 
   348  0085                     	;# 
   349  0086                     	;# 
   350  008C                     	;# 
   351  008D                     	;# 
   352  008E                     	;# 
   353  008F                     	;# 
   354  0090                     	;# 
   355  0092                     	;# 
   356  0093                     	;# 
   357  0094                     	;# 
   358  0098                     	;# 
   359  0099                     	;# 
   360  009B                     	;# 
   361  009C                     	;# 
   362  009D                     	;# 
   363  009E                     	;# 
   364  009F                     	;# 
   365  0105                     	;# 
   366  010C                     	;# 
   367  010D                     	;# 
   368  010E                     	;# 
   369  010F                     	;# 
   370  018C                     	;# 
   371  018D                     	;# 
   372  000E                     _TMR1	set	14
   373  0005                     _PORTA	set	5
   374  0006                     _PORTB	set	6
   375  005F                     _GIE	set	95
   376  005E                     _PEIE	set	94
   377  0081                     _TMR1CS	set	129
   378  0080                     _TMR1ON	set	128
   379  002C                     _RA4	set	44
   380  0060                     _TMR1IF	set	96
   381  0086                     _TRISB	set	134
   382  0085                     _TRISA	set	133
   383  009B                     _ANSEL	set	155
   384  0460                     _TMR1IE	set	1120
   385  047C                     _IRCF0	set	1148
   386  047D                     _IRCF1	set	1149
   387  047E                     _IRCF2	set	1150
   388                           
   389                           ; #config settings
   390  0000                     
   391                           	psect	cinit
   392  000D                     start_initialization:	
   393  000D                     __initialization:	
   394                           
   395                           ; Clear objects allocated to COMMON
   396  000D  01F7               	clrf	__pbssCOMMON& (0+127)
   397  000E  01F8               	clrf	(__pbssCOMMON+1)& (0+127)
   398  000F  01F9               	clrf	(__pbssCOMMON+2)& (0+127)
   399  0010  01FA               	clrf	(__pbssCOMMON+3)& (0+127)
   400                           
   401                           ; Clear objects allocated to BANK0
   402  0011  1283               	bcf	3,5	;RP0=0, select bank0
   403  0012  1303               	bcf	3,6	;RP1=0, select bank0
   404  0013  01A5               	clrf	__pbssBANK0& (0+127)
   405  0014  01A6               	clrf	(__pbssBANK0+1)& (0+127)
   406  0015  01A7               	clrf	(__pbssBANK0+2)& (0+127)
   407  0016                     end_of_initialization:	
   408                           ;End of C runtime variable initialization code
   409                           
   410  0016                     __end_of__initialization:	
   411  0016  0183               	clrf	3
   412  0017  118A  2819         	ljmp	_main	;jump to C main() function
   413                           
   414                           	psect	bssCOMMON
   415  0077                     __pbssCOMMON:	
   416  0077                     _temp:	
   417  0077                     	ds	1
   418  0078                     _decomposed:	
   419  0078                     	ds	1
   420  0079                     _prev:	
   421  0079                     	ds	1
   422  007A                     _time:	
   423  007A                     	ds	1
   424                           
   425                           	psect	bssBANK0
   426  0025                     __pbssBANK0:	
   427  0025                     _temp2:	
   428  0025                     	ds	1
   429  0026                     _time2:	
   430  0026                     	ds	1
   431  0027                     _heartbeat:	
   432  0027                     	ds	1
   433                           
   434                           	psect	cstackCOMMON
   435  0070                     __pcstackCOMMON:	
   436  0070                     ?_ConfigureOscillator:	
   437  0070                     ?_InitApp:	
   438                           ; 1 bytes @ 0x0
   439                           
   440  0070                     ?_isr:	
   441                           ; 1 bytes @ 0x0
   442                           
   443  0070                     ??_isr:	
   444                           ; 1 bytes @ 0x0
   445                           
   446  0070                     ?_main:	
   447                           ; 1 bytes @ 0x0
   448                           
   449                           
   450                           ; 1 bytes @ 0x0
   451  0070                     	ds	3
   452  0073                     ??_ConfigureOscillator:	
   453  0073                     ??_InitApp:	
   454                           ; 1 bytes @ 0x3
   455                           
   456  0073                     ?_display:	
   457                           ; 1 bytes @ 0x3
   458                           
   459  0073                     ?___bmul:	
   460                           ; 1 bytes @ 0x3
   461                           
   462  0073                     ?___lbdiv:	
   463                           ; 1 bytes @ 0x3
   464                           
   465  0073                     ?___lbmod:	
   466                           ; 1 bytes @ 0x3
   467                           
   468  0073                     ___bmul@multiplicand:	
   469                           ; 1 bytes @ 0x3
   470                           
   471  0073                     ___lbdiv@divisor:	
   472                           ; 1 bytes @ 0x3
   473                           
   474  0073                     ___lbmod@divisor:	
   475                           ; 1 bytes @ 0x3
   476                           
   477  0073                     display@decomposed:	
   478                           ; 1 bytes @ 0x3
   479                           
   480                           
   481                           ; 2 bytes @ 0x3
   482  0073                     	ds	1
   483  0074                     ??___bmul:	
   484  0074                     ??___lbdiv:	
   485                           ; 1 bytes @ 0x4
   486                           
   487  0074                     ??___lbmod:	
   488                           ; 1 bytes @ 0x4
   489                           
   490                           
   491                           ; 1 bytes @ 0x4
   492  0074                     	ds	1
   493  0075                     ??_display:	
   494  0075                     ___bmul@product:	
   495                           ; 1 bytes @ 0x5
   496                           
   497                           
   498                           ; 1 bytes @ 0x5
   499  0075                     	ds	1
   500  0076                     ___bmul@multiplier:	
   501                           
   502                           ; 1 bytes @ 0x6
   503  0076                     	ds	1
   504                           
   505                           	psect	cstackBANK0
   506  0020                     __pcstackBANK0:	
   507  0020                     ___lbdiv@dividend:	
   508  0020                     ___lbmod@dividend:	
   509                           ; 1 bytes @ 0x0
   510                           
   511                           
   512                           ; 1 bytes @ 0x0
   513  0020                     	ds	1
   514  0021                     ___lbdiv@counter:	
   515  0021                     ___lbmod@counter:	
   516                           ; 1 bytes @ 0x1
   517                           
   518                           
   519                           ; 1 bytes @ 0x1
   520  0021                     	ds	1
   521  0022                     ___lbdiv@quotient:	
   522  0022                     ___lbmod@rem:	
   523                           ; 1 bytes @ 0x2
   524                           
   525                           
   526                           ; 1 bytes @ 0x2
   527  0022                     	ds	1
   528  0023                     ??_main:	
   529                           
   530                           ; 1 bytes @ 0x3
   531  0023                     	ds	2
   532                           
   533                           	psect	maintext
   534  0019                     __pmaintext:	
   535 ;;
   536 ;;Main: autosize = 0, tempsize = 2, incstack = 0, save=0
   537 ;;
   538 ;; *************** function _main *****************
   539 ;; Defined at:
   540 ;;		line 85 in file "main.c"
   541 ;; Parameters:    Size  Location     Type
   542 ;;		None
   543 ;; Auto vars:     Size  Location     Type
   544 ;;		None
   545 ;; Return value:  Size  Location     Type
   546 ;;                  1    wreg      void 
   547 ;; Registers used:
   548 ;;		wreg, fsr0l, fsr0h, status,2, status,0, pclath, cstack
   549 ;; Tracked objects:
   550 ;;		On entry : B00/0
   551 ;;		On exit  : 300/0
   552 ;;		Unchanged: 0/0
   553 ;; Data sizes:     COMMON   BANK0   BANK1   BANK3   BANK2
   554 ;;      Params:         0       0       0       0       0
   555 ;;      Locals:         0       0       0       0       0
   556 ;;      Temps:          0       2       0       0       0
   557 ;;      Totals:         0       2       0       0       0
   558 ;;Total ram usage:        2 bytes
   559 ;; Hardware stack levels required when called:    2
   560 ;; This function calls:
   561 ;;		_ConfigureOscillator
   562 ;;		_InitApp
   563 ;;		___bmul
   564 ;;		___lbdiv
   565 ;;		___lbmod
   566 ;;		_display
   567 ;; This function is called by:
   568 ;;		Startup code after reset
   569 ;; This function uses a non-reentrant model
   570 ;;
   571                           
   572                           
   573                           ;psect for function _main
   574  0019                     _main:	
   575                           
   576                           ;main.c: 88: ConfigureOscillator();
   577                           
   578                           ;incstack = 0
   579                           ; Regs used in _main: [wreg-fsr0h+status,2+status,0+pclath+cstack]
   580  0019  118A  2194  118A   	fcall	_ConfigureOscillator
   581                           
   582                           ;main.c: 91: InitApp();
   583  001C  118A  2183  118A   	fcall	_InitApp
   584  001F                     l1069:	
   585                           
   586                           ;main.c: 94: {;main.c: 97: if ( (RA4 == 1)&&(prev == 0) ) {heartbeat ++; prev = 1;}
   587  001F  1283               	bcf	3,5	;RP0=0, select bank0
   588  0020  1E05               	btfss	5,4	;volatile
   589  0021  282B               	goto	l1077
   590  0022  0879               	movf	_prev,w
   591  0023  1D03               	btfss	3,2
   592  0024  282B               	goto	l1077
   593  0025  3001               	movlw	1
   594  0026  00A3               	movwf	??_main
   595  0027  0823               	movf	??_main,w
   596  0028  07A7               	addwf	_heartbeat,f
   597  0029  01F9               	clrf	_prev
   598  002A  0AF9               	incf	_prev,f
   599  002B                     l1077:	
   600                           
   601                           ;main.c: 98: if ((RA4 == 0)&&(prev == 1)) {prev = 0;}
   602  002B  1A05               	btfsc	5,4	;volatile
   603  002C  2831               	goto	l1083
   604  002D  0379               	decf	_prev,w
   605  002E  1D03               	btfss	3,2
   606  002F  2831               	goto	l1083
   607  0030  01F9               	clrf	_prev
   608  0031                     l1083:	
   609                           
   610                           ;main.c: 101: if (time >= 200) {
   611  0031  30C8               	movlw	200
   612  0032  027A               	subwf	_time,w
   613  0033  1C03               	skipc
   614  0034  283A               	goto	l1089
   615                           
   616                           ;main.c: 102: time2++;
   617  0035  3001               	movlw	1
   618  0036  00A3               	movwf	??_main
   619  0037  0823               	movf	??_main,w
   620  0038  07A6               	addwf	_time2,f
   621                           
   622                           ;main.c: 103: time = 0;
   623  0039  01FA               	clrf	_time
   624  003A                     l1089:	
   625                           
   626                           ;main.c: 104: };main.c: 106: if (time2 >= 1) {
   627  003A  0826               	movf	_time2,w
   628  003B  1903               	btfsc	3,2
   629  003C  281F               	goto	l1069
   630                           
   631                           ;main.c: 108: time = 0;
   632  003D  01FA               	clrf	_time
   633                           
   634                           ;main.c: 109: temp = 6*heartbeat;
   635  003E  3006               	movlw	6
   636  003F  00A3               	movwf	??_main
   637  0040  0823               	movf	??_main,w
   638  0041  00F3               	movwf	___bmul@multiplicand
   639  0042  0827               	movf	_heartbeat,w
   640  0043  118A  2172  118A   	fcall	___bmul
   641  0046  00A4               	movwf	??_main+1
   642  0047  0824               	movf	??_main+1,w
   643  0048  00F7               	movwf	_temp
   644  0049                     l1125:	
   645                           ;main.c: 111: while (time <= 200) {
   646                           
   647  0049  30C9               	movlw	201
   648  004A  027A               	subwf	_time,w
   649  004B  1803               	btfsc	3,0
   650  004C  28D0               	goto	l1127
   651                           
   652                           ;main.c: 113: PORTA = 0b100;
   653  004D  3004               	movlw	4
   654  004E  1283               	bcf	3,5	;RP0=0, select bank0
   655  004F  1303               	bcf	3,6	;RP1=0, select bank0
   656  0050  0085               	movwf	5	;volatile
   657                           
   658                           ;main.c: 114: decomposed = (temp%10);
   659  0051  300A               	movlw	10
   660  0052  00A3               	movwf	??_main
   661  0053  0823               	movf	??_main,w
   662  0054  00F3               	movwf	___lbmod@divisor
   663  0055  0877               	movf	_temp,w
   664  0056  118A  211A  118A   	fcall	___lbmod
   665  0059  00A4               	movwf	??_main+1
   666  005A  0824               	movf	??_main+1,w
   667  005B  00F8               	movwf	_decomposed
   668                           
   669                           ;main.c: 115: display(decomposed);
   670  005C  0878               	movf	_decomposed,w
   671  005D  00A3               	movwf	??_main
   672  005E  01A4               	clrf	??_main+1
   673  005F  0823               	movf	??_main,w
   674  0060  00F3               	movwf	display@decomposed
   675  0061  0824               	movf	??_main+1,w
   676  0062  00F4               	movwf	display@decomposed+1
   677  0063  118A  20D6  118A   	fcall	_display
   678                           
   679                           ;main.c: 116: _delay((unsigned long)((100)*(4000000/4000.0)));
   680  0066  3082               	movlw	130
   681  0067  1283               	bcf	3,5	;RP0=0, select bank0
   682  0068  1303               	bcf	3,6	;RP1=0, select bank0
   683  0069  00A4               	movwf	??_main+1
   684  006A  30DD               	movlw	221
   685  006B  00A3               	movwf	??_main
   686  006C                     u477:	
   687  006C  0BA3               	decfsz	??_main,f
   688  006D  286C               	goto	u477
   689  006E  0BA4               	decfsz	??_main+1,f
   690  006F  286C               	goto	u477
   691                           
   692                           ;main.c: 118: PORTA = 0b010;
   693  0070  3002               	movlw	2
   694  0071  1283               	bcf	3,5	;RP0=0, select bank0
   695  0072  1303               	bcf	3,6	;RP1=0, select bank0
   696  0073  0085               	movwf	5	;volatile
   697                           
   698                           ;main.c: 119: decomposed = temp - decomposed;
   699  0074  0878               	movf	_decomposed,w
   700  0075  0277               	subwf	_temp,w
   701  0076  00A3               	movwf	??_main
   702  0077  0823               	movf	??_main,w
   703  0078  00F8               	movwf	_decomposed
   704                           
   705                           ;main.c: 120: decomposed = (decomposed / 10);
   706  0079  300A               	movlw	10
   707  007A  00A3               	movwf	??_main
   708  007B  0823               	movf	??_main,w
   709  007C  00F3               	movwf	___lbdiv@divisor
   710  007D  0878               	movf	_decomposed,w
   711  007E  118A  213D  118A   	fcall	___lbdiv
   712  0081  00A4               	movwf	??_main+1
   713  0082  0824               	movf	??_main+1,w
   714  0083  00F8               	movwf	_decomposed
   715                           
   716                           ;main.c: 121: temp2 = decomposed;
   717  0084  0878               	movf	_decomposed,w
   718  0085  00A3               	movwf	??_main
   719  0086  0823               	movf	??_main,w
   720  0087  00A5               	movwf	_temp2
   721                           
   722                           ;main.c: 122: decomposed = (decomposed % 10);
   723  0088  300A               	movlw	10
   724  0089  00A3               	movwf	??_main
   725  008A  0823               	movf	??_main,w
   726  008B  00F3               	movwf	___lbmod@divisor
   727  008C  0878               	movf	_decomposed,w
   728  008D  118A  211A  118A   	fcall	___lbmod
   729  0090  00A4               	movwf	??_main+1
   730  0091  0824               	movf	??_main+1,w
   731  0092  00F8               	movwf	_decomposed
   732                           
   733                           ;main.c: 123: display(decomposed);
   734  0093  0878               	movf	_decomposed,w
   735  0094  00A3               	movwf	??_main
   736  0095  01A4               	clrf	??_main+1
   737  0096  0823               	movf	??_main,w
   738  0097  00F3               	movwf	display@decomposed
   739  0098  0824               	movf	??_main+1,w
   740  0099  00F4               	movwf	display@decomposed+1
   741  009A  118A  20D6  118A   	fcall	_display
   742                           
   743                           ;main.c: 124: _delay((unsigned long)((100)*(4000000/4000.0)));
   744  009D  3082               	movlw	130
   745  009E  1283               	bcf	3,5	;RP0=0, select bank0
   746  009F  1303               	bcf	3,6	;RP1=0, select bank0
   747  00A0  00A4               	movwf	??_main+1
   748  00A1  30DD               	movlw	221
   749  00A2  00A3               	movwf	??_main
   750  00A3                     u487:	
   751  00A3  0BA3               	decfsz	??_main,f
   752  00A4  28A3               	goto	u487
   753  00A5  0BA4               	decfsz	??_main+1,f
   754  00A6  28A3               	goto	u487
   755                           
   756                           ;main.c: 126: PORTA = 0b001;
   757  00A7  3001               	movlw	1
   758  00A8  1283               	bcf	3,5	;RP0=0, select bank0
   759  00A9  1303               	bcf	3,6	;RP1=0, select bank0
   760  00AA  0085               	movwf	5	;volatile
   761                           
   762                           ;main.c: 127: decomposed = temp2 - decomposed;
   763  00AB  0878               	movf	_decomposed,w
   764  00AC  0225               	subwf	_temp2,w
   765  00AD  00A3               	movwf	??_main
   766  00AE  0823               	movf	??_main,w
   767  00AF  00F8               	movwf	_decomposed
   768                           
   769                           ;main.c: 128: decomposed = (decomposed / 10);
   770  00B0  300A               	movlw	10
   771  00B1  00A3               	movwf	??_main
   772  00B2  0823               	movf	??_main,w
   773  00B3  00F3               	movwf	___lbdiv@divisor
   774  00B4  0878               	movf	_decomposed,w
   775  00B5  118A  213D  118A   	fcall	___lbdiv
   776  00B8  00A4               	movwf	??_main+1
   777  00B9  0824               	movf	??_main+1,w
   778  00BA  00F8               	movwf	_decomposed
   779                           
   780                           ;main.c: 129: display(decomposed);
   781  00BB  0878               	movf	_decomposed,w
   782  00BC  00A3               	movwf	??_main
   783  00BD  01A4               	clrf	??_main+1
   784  00BE  0823               	movf	??_main,w
   785  00BF  00F3               	movwf	display@decomposed
   786  00C0  0824               	movf	??_main+1,w
   787  00C1  00F4               	movwf	display@decomposed+1
   788  00C2  118A  20D6  118A   	fcall	_display
   789                           
   790                           ;main.c: 130: _delay((unsigned long)((100)*(4000000/4000.0)));
   791  00C5  3082               	movlw	130
   792  00C6  1283               	bcf	3,5	;RP0=0, select bank0
   793  00C7  1303               	bcf	3,6	;RP1=0, select bank0
   794  00C8  00A4               	movwf	??_main+1
   795  00C9  30DD               	movlw	221
   796  00CA  00A3               	movwf	??_main
   797  00CB                     u497:	
   798  00CB  0BA3               	decfsz	??_main,f
   799  00CC  28CB               	goto	u497
   800  00CD  0BA4               	decfsz	??_main+1,f
   801  00CE  28CB               	goto	u497
   802  00CF  2849               	goto	l1125
   803  00D0                     l1127:	
   804                           
   805                           ;main.c: 132: };main.c: 134: heartbeat = 0;
   806  00D0  1283               	bcf	3,5	;RP0=0, select bank0
   807  00D1  1303               	bcf	3,6	;RP1=0, select bank0
   808  00D2  01A7               	clrf	_heartbeat
   809                           
   810                           ;main.c: 135: time = 0;
   811  00D3  01FA               	clrf	_time
   812                           
   813                           ;main.c: 136: time2 = 0;
   814  00D4  01A6               	clrf	_time2
   815  00D5  281F               	goto	l1069
   816  00D6                     __end_of_main:	
   817                           
   818                           	psect	text1
   819  00D6                     __ptext1:	
   820 ;; *************** function _display *****************
   821 ;; Defined at:
   822 ;;		line 47 in file "main.c"
   823 ;; Parameters:    Size  Location     Type
   824 ;;  decomposed      2    3[COMMON] int 
   825 ;; Auto vars:     Size  Location     Type
   826 ;;		None
   827 ;; Return value:  Size  Location     Type
   828 ;;                  1    wreg      void 
   829 ;; Registers used:
   830 ;;		wreg, fsr0l, fsr0h, status,2, status,0
   831 ;; Tracked objects:
   832 ;;		On entry : 300/0
   833 ;;		On exit  : 300/0
   834 ;;		Unchanged: 0/0
   835 ;; Data sizes:     COMMON   BANK0   BANK1   BANK3   BANK2
   836 ;;      Params:         2       0       0       0       0
   837 ;;      Locals:         0       0       0       0       0
   838 ;;      Temps:          0       0       0       0       0
   839 ;;      Totals:         2       0       0       0       0
   840 ;;Total ram usage:        2 bytes
   841 ;; Hardware stack levels used:    1
   842 ;; Hardware stack levels required when called:    1
   843 ;; This function calls:
   844 ;;		Nothing
   845 ;; This function is called by:
   846 ;;		_main
   847 ;; This function uses a non-reentrant model
   848 ;;
   849                           
   850                           
   851                           ;psect for function _display
   852  00D6                     _display:	
   853                           
   854                           ;main.c: 49: switch (decomposed) {
   855                           
   856                           ;incstack = 0
   857                           ; Regs used in _display: [wreg-fsr0h+status,2+status,0]
   858  00D6  28F4               	goto	l847
   859  00D7                     l825:	
   860                           
   861                           ;main.c: 51: PORTB = 0x40;
   862  00D7  3040               	movlw	64
   863  00D8  0086               	movwf	6	;volatile
   864                           
   865                           ;main.c: 52: break;
   866  00D9  0008               	return
   867  00DA                     l827:	
   868                           
   869                           ;main.c: 54: PORTB = 0x79;
   870  00DA  3079               	movlw	121
   871  00DB  0086               	movwf	6	;volatile
   872                           
   873                           ;main.c: 55: break;
   874  00DC  0008               	return
   875  00DD                     l829:	
   876                           
   877                           ;main.c: 57: PORTB = 0x24;
   878  00DD  3024               	movlw	36
   879  00DE  0086               	movwf	6	;volatile
   880                           
   881                           ;main.c: 58: break;
   882  00DF  0008               	return
   883  00E0                     l831:	
   884                           
   885                           ;main.c: 60: PORTB = 0x30;
   886  00E0  3030               	movlw	48
   887  00E1  0086               	movwf	6	;volatile
   888                           
   889                           ;main.c: 61: break;
   890  00E2  0008               	return
   891  00E3                     l833:	
   892                           
   893                           ;main.c: 63: PORTB = 0x19;
   894  00E3  3019               	movlw	25
   895  00E4  0086               	movwf	6	;volatile
   896                           
   897                           ;main.c: 64: break;
   898  00E5  0008               	return
   899  00E6                     l835:	
   900                           
   901                           ;main.c: 66: PORTB = 0x12;
   902  00E6  3012               	movlw	18
   903  00E7  0086               	movwf	6	;volatile
   904                           
   905                           ;main.c: 67: break;
   906  00E8  0008               	return
   907  00E9                     l837:	
   908                           
   909                           ;main.c: 69: PORTB = 0x02;
   910  00E9  3002               	movlw	2
   911  00EA  0086               	movwf	6	;volatile
   912                           
   913                           ;main.c: 70: break;
   914  00EB  0008               	return
   915  00EC                     l839:	
   916                           
   917                           ;main.c: 72: PORTB = 0x78;
   918  00EC  3078               	movlw	120
   919  00ED  0086               	movwf	6	;volatile
   920                           
   921                           ;main.c: 73: break;
   922  00EE  0008               	return
   923  00EF                     l841:	
   924                           
   925                           ;main.c: 75: PORTB = 0x00;
   926  00EF  0186               	clrf	6	;volatile
   927                           
   928                           ;main.c: 76: break;
   929  00F0  0008               	return
   930  00F1                     l843:	
   931                           
   932                           ;main.c: 78: PORTB = 0x10;
   933  00F1  3010               	movlw	16
   934  00F2  0086               	movwf	6	;volatile
   935                           
   936                           ;main.c: 79: break;
   937  00F3  0008               	return
   938  00F4                     l847:	
   939                           
   940                           ; Switch on 2 bytes has been partitioned into a top level switch of size 1, and 1 sub-sw
      +                          itches
   941                           ; Switch size 1, requested type "simple"
   942                           ; Number of cases is 1, Range of values is 0 to 0
   943                           ; switch strategies available:
   944                           ; Name         Instructions Cycles
   945                           ; simple_byte            4     3 (average)
   946                           ; direct_byte            9     7 (fixed)
   947                           ; jumptable            260     6 (fixed)
   948                           ;	Chosen strategy is simple_byte
   949  00F4  0874               	movf	display@decomposed+1,w
   950  00F5  3A00               	xorlw	0	; case 0
   951  00F6  1903               	skipnz
   952  00F7  28F9               	goto	l1149
   953  00F8  2919               	goto	l53
   954  00F9                     l1149:	
   955                           
   956                           ; Switch size 1, requested type "simple"
   957                           ; Number of cases is 10, Range of values is 0 to 9
   958                           ; switch strategies available:
   959                           ; Name         Instructions Cycles
   960                           ; direct_byte           27     7 (fixed)
   961                           ; simple_byte           31    16 (average)
   962                           ; jumptable            260     6 (fixed)
   963                           ;	Chosen strategy is simple_byte
   964  00F9  0873               	movf	display@decomposed,w
   965  00FA  3A00               	xorlw	0	; case 0
   966  00FB  1903               	skipnz
   967  00FC  28D7               	goto	l825
   968  00FD  3A01               	xorlw	1	; case 1
   969  00FE  1903               	skipnz
   970  00FF  28DA               	goto	l827
   971  0100  3A03               	xorlw	3	; case 2
   972  0101  1903               	skipnz
   973  0102  28DD               	goto	l829
   974  0103  3A01               	xorlw	1	; case 3
   975  0104  1903               	skipnz
   976  0105  28E0               	goto	l831
   977  0106  3A07               	xorlw	7	; case 4
   978  0107  1903               	skipnz
   979  0108  28E3               	goto	l833
   980  0109  3A01               	xorlw	1	; case 5
   981  010A  1903               	skipnz
   982  010B  28E6               	goto	l835
   983  010C  3A03               	xorlw	3	; case 6
   984  010D  1903               	skipnz
   985  010E  28E9               	goto	l837
   986  010F  3A01               	xorlw	1	; case 7
   987  0110  1903               	skipnz
   988  0111  28EC               	goto	l839
   989  0112  3A0F               	xorlw	15	; case 8
   990  0113  1903               	skipnz
   991  0114  28EF               	goto	l841
   992  0115  3A01               	xorlw	1	; case 9
   993  0116  1903               	skipnz
   994  0117  28F1               	goto	l843
   995  0118  2919               	goto	l53
   996  0119                     l53:	
   997  0119  0008               	return
   998  011A                     __end_of_display:	
   999                           
  1000                           	psect	text2
  1001  011A                     __ptext2:	
  1002 ;; *************** function ___lbmod *****************
  1003 ;; Defined at:
  1004 ;;		line 4 in file "C:\Program Files (x86)\Microchip\xc8\v2.05\pic\sources\c90\common\lbmod.c"
  1005 ;; Parameters:    Size  Location     Type
  1006 ;;  dividend        1    wreg     unsigned char 
  1007 ;;  divisor         1    3[COMMON] unsigned char 
  1008 ;; Auto vars:     Size  Location     Type
  1009 ;;  dividend        1    0[BANK0 ] unsigned char 
  1010 ;;  rem             1    2[BANK0 ] unsigned char 
  1011 ;;  counter         1    1[BANK0 ] unsigned char 
  1012 ;; Return value:  Size  Location     Type
  1013 ;;                  1    wreg      unsigned char 
  1014 ;; Registers used:
  1015 ;;		wreg, status,2, status,0
  1016 ;; Tracked objects:
  1017 ;;		On entry : 300/0
  1018 ;;		On exit  : 300/0
  1019 ;;		Unchanged: 0/0
  1020 ;; Data sizes:     COMMON   BANK0   BANK1   BANK3   BANK2
  1021 ;;      Params:         1       0       0       0       0
  1022 ;;      Locals:         0       3       0       0       0
  1023 ;;      Temps:          3       0       0       0       0
  1024 ;;      Totals:         4       3       0       0       0
  1025 ;;Total ram usage:        7 bytes
  1026 ;; Hardware stack levels used:    1
  1027 ;; Hardware stack levels required when called:    1
  1028 ;; This function calls:
  1029 ;;		Nothing
  1030 ;; This function is called by:
  1031 ;;		_main
  1032 ;; This function uses a non-reentrant model
  1033 ;;
  1034                           
  1035                           
  1036                           ;psect for function ___lbmod
  1037  011A                     ___lbmod:	
  1038                           
  1039                           ;incstack = 0
  1040                           ; Regs used in ___lbmod: [wreg+status,2+status,0]
  1041                           ;___lbmod@dividend stored from wreg
  1042  011A  00A0               	movwf	___lbmod@dividend
  1043  011B  3008               	movlw	8
  1044  011C  00F4               	movwf	??___lbmod
  1045  011D  0874               	movf	??___lbmod,w
  1046  011E  00A1               	movwf	___lbmod@counter
  1047  011F  01A2               	clrf	___lbmod@rem
  1048  0120                     l1053:	
  1049  0120  0820               	movf	___lbmod@dividend,w
  1050  0121  00F4               	movwf	??___lbmod
  1051  0122  3007               	movlw	7
  1052  0123                     u375:	
  1053  0123  1003               	clrc
  1054  0124  0CF4               	rrf	??___lbmod,f
  1055  0125  3EFF               	addlw	-1
  1056  0126  1D03               	skipz
  1057  0127  2923               	goto	u375
  1058  0128  0822               	movf	___lbmod@rem,w
  1059  0129  00F5               	movwf	??___lbmod+1
  1060  012A  0775               	addwf	??___lbmod+1,w
  1061  012B  0474               	iorwf	??___lbmod,w
  1062  012C  00F6               	movwf	??___lbmod+2
  1063  012D  0876               	movf	??___lbmod+2,w
  1064  012E  00A2               	movwf	___lbmod@rem
  1065  012F  1003               	clrc
  1066  0130  0DA0               	rlf	___lbmod@dividend,f
  1067  0131  0873               	movf	___lbmod@divisor,w
  1068  0132  0222               	subwf	___lbmod@rem,w
  1069  0133  1C03               	skipc
  1070  0134  2937               	goto	l502
  1071  0135  0873               	movf	___lbmod@divisor,w
  1072  0136  02A2               	subwf	___lbmod@rem,f
  1073  0137                     l502:	
  1074  0137  3001               	movlw	1
  1075  0138  02A1               	subwf	___lbmod@counter,f
  1076  0139  1D03               	btfss	3,2
  1077  013A  2920               	goto	l1053
  1078  013B  0822               	movf	___lbmod@rem,w
  1079  013C  0008               	return
  1080  013D                     __end_of___lbmod:	
  1081                           
  1082                           	psect	text3
  1083  013D                     __ptext3:	
  1084 ;; *************** function ___lbdiv *****************
  1085 ;; Defined at:
  1086 ;;		line 4 in file "C:\Program Files (x86)\Microchip\xc8\v2.05\pic\sources\c90\common\lbdiv.c"
  1087 ;; Parameters:    Size  Location     Type
  1088 ;;  dividend        1    wreg     unsigned char 
  1089 ;;  divisor         1    3[COMMON] unsigned char 
  1090 ;; Auto vars:     Size  Location     Type
  1091 ;;  dividend        1    0[BANK0 ] unsigned char 
  1092 ;;  quotient        1    2[BANK0 ] unsigned char 
  1093 ;;  counter         1    1[BANK0 ] unsigned char 
  1094 ;; Return value:  Size  Location     Type
  1095 ;;                  1    wreg      unsigned char 
  1096 ;; Registers used:
  1097 ;;		wreg, status,2, status,0
  1098 ;; Tracked objects:
  1099 ;;		On entry : 300/0
  1100 ;;		On exit  : 300/0
  1101 ;;		Unchanged: 0/0
  1102 ;; Data sizes:     COMMON   BANK0   BANK1   BANK3   BANK2
  1103 ;;      Params:         1       0       0       0       0
  1104 ;;      Locals:         0       3       0       0       0
  1105 ;;      Temps:          1       0       0       0       0
  1106 ;;      Totals:         2       3       0       0       0
  1107 ;;Total ram usage:        5 bytes
  1108 ;; Hardware stack levels used:    1
  1109 ;; Hardware stack levels required when called:    1
  1110 ;; This function calls:
  1111 ;;		Nothing
  1112 ;; This function is called by:
  1113 ;;		_main
  1114 ;; This function uses a non-reentrant model
  1115 ;;
  1116                           
  1117                           
  1118                           ;psect for function ___lbdiv
  1119  013D                     ___lbdiv:	
  1120                           
  1121                           ;incstack = 0
  1122                           ; Regs used in ___lbdiv: [wreg+status,2+status,0]
  1123                           ;___lbdiv@dividend stored from wreg
  1124  013D  00A0               	movwf	___lbdiv@dividend
  1125  013E  01A2               	clrf	___lbdiv@quotient
  1126  013F  0873               	movf	___lbdiv@divisor,w
  1127  0140  1903               	btfsc	3,2
  1128  0141  295C               	goto	l1045
  1129  0142  01A1               	clrf	___lbdiv@counter
  1130  0143  0AA1               	incf	___lbdiv@counter,f
  1131  0144                     l1033:	
  1132  0144  1BF3               	btfsc	___lbdiv@divisor,7
  1133  0145  294D               	goto	l1035
  1134  0146  1003               	clrc
  1135  0147  0DF3               	rlf	___lbdiv@divisor,f
  1136  0148  3001               	movlw	1
  1137  0149  00F4               	movwf	??___lbdiv
  1138  014A  0874               	movf	??___lbdiv,w
  1139  014B  07A1               	addwf	___lbdiv@counter,f
  1140  014C  2944               	goto	l1033
  1141  014D                     l1035:	
  1142  014D  1003               	clrc
  1143  014E  0DA2               	rlf	___lbdiv@quotient,f
  1144  014F  0873               	movf	___lbdiv@divisor,w
  1145  0150  0220               	subwf	___lbdiv@dividend,w
  1146  0151  1C03               	skipc
  1147  0152  2957               	goto	L1
  1148  0153  0873               	movf	___lbdiv@divisor,w
  1149  0154  02A0               	subwf	___lbdiv@dividend,f
  1150  0155  1422               	bsf	___lbdiv@quotient,0
  1151  0156  1003               	clrc
  1152  0157                     L1:	
  1153  0157  0CF3               	rrf	___lbdiv@divisor,f
  1154  0158  3001               	movlw	1
  1155  0159  02A1               	subwf	___lbdiv@counter,f
  1156  015A  1D03               	btfss	3,2
  1157  015B  294D               	goto	l1035
  1158  015C                     l1045:	
  1159  015C  0822               	movf	___lbdiv@quotient,w
  1160  015D  0008               	return
  1161  015E                     __end_of___lbdiv:	
  1162                           
  1163                           	psect	text4
  1164  0172                     __ptext4:	
  1165 ;; *************** function ___bmul *****************
  1166 ;; Defined at:
  1167 ;;		line 4 in file "C:\Program Files (x86)\Microchip\xc8\v2.05\pic\sources\c90\common\Umul8.c"
  1168 ;; Parameters:    Size  Location     Type
  1169 ;;  multiplier      1    wreg     unsigned char 
  1170 ;;  multiplicand    1    3[COMMON] unsigned char 
  1171 ;; Auto vars:     Size  Location     Type
  1172 ;;  multiplier      1    6[COMMON] unsigned char 
  1173 ;;  product         1    5[COMMON] unsigned char 
  1174 ;; Return value:  Size  Location     Type
  1175 ;;                  1    wreg      unsigned char 
  1176 ;; Registers used:
  1177 ;;		wreg, status,2, status,0
  1178 ;; Tracked objects:
  1179 ;;		On entry : 300/0
  1180 ;;		On exit  : 300/0
  1181 ;;		Unchanged: 300/0
  1182 ;; Data sizes:     COMMON   BANK0   BANK1   BANK3   BANK2
  1183 ;;      Params:         1       0       0       0       0
  1184 ;;      Locals:         2       0       0       0       0
  1185 ;;      Temps:          1       0       0       0       0
  1186 ;;      Totals:         4       0       0       0       0
  1187 ;;Total ram usage:        4 bytes
  1188 ;; Hardware stack levels used:    1
  1189 ;; Hardware stack levels required when called:    1
  1190 ;; This function calls:
  1191 ;;		Nothing
  1192 ;; This function is called by:
  1193 ;;		_main
  1194 ;; This function uses a non-reentrant model
  1195 ;;
  1196                           
  1197                           
  1198                           ;psect for function ___bmul
  1199  0172                     ___bmul:	
  1200                           
  1201                           ;incstack = 0
  1202                           ; Regs used in ___bmul: [wreg+status,2+status,0]
  1203                           ;___bmul@multiplier stored from wreg
  1204  0172  00F6               	movwf	___bmul@multiplier
  1205  0173  01F5               	clrf	___bmul@product
  1206  0174                     l877:	
  1207  0174  1C76               	btfss	___bmul@multiplier,0
  1208  0175  297A               	goto	l881
  1209  0176  0873               	movf	___bmul@multiplicand,w
  1210  0177  00F4               	movwf	??___bmul
  1211  0178  0874               	movf	??___bmul,w
  1212  0179  07F5               	addwf	___bmul@product,f
  1213  017A                     l881:	
  1214  017A  1003               	clrc
  1215  017B  0DF3               	rlf	___bmul@multiplicand,f
  1216  017C  1003               	clrc
  1217  017D  0CF6               	rrf	___bmul@multiplier,f
  1218  017E  0876               	movf	___bmul@multiplier,w
  1219  017F  1D03               	btfss	3,2
  1220  0180  2974               	goto	l877
  1221  0181  0875               	movf	___bmul@product,w
  1222  0182  0008               	return
  1223  0183                     __end_of___bmul:	
  1224                           
  1225                           	psect	text5
  1226  0183                     __ptext5:	
  1227 ;; *************** function _InitApp *****************
  1228 ;; Defined at:
  1229 ;;		line 25 in file "user.c"
  1230 ;; Parameters:    Size  Location     Type
  1231 ;;		None
  1232 ;; Auto vars:     Size  Location     Type
  1233 ;;		None
  1234 ;; Return value:  Size  Location     Type
  1235 ;;                  1    wreg      void 
  1236 ;; Registers used:
  1237 ;;		wreg, status,2
  1238 ;; Tracked objects:
  1239 ;;		On entry : B00/0
  1240 ;;		On exit  : B00/100
  1241 ;;		Unchanged: 800/0
  1242 ;; Data sizes:     COMMON   BANK0   BANK1   BANK3   BANK2
  1243 ;;      Params:         0       0       0       0       0
  1244 ;;      Locals:         0       0       0       0       0
  1245 ;;      Temps:          0       0       0       0       0
  1246 ;;      Totals:         0       0       0       0       0
  1247 ;;Total ram usage:        0 bytes
  1248 ;; Hardware stack levels used:    1
  1249 ;; Hardware stack levels required when called:    1
  1250 ;; This function calls:
  1251 ;;		Nothing
  1252 ;; This function is called by:
  1253 ;;		_main
  1254 ;; This function uses a non-reentrant model
  1255 ;;
  1256                           
  1257                           
  1258                           ;psect for function _InitApp
  1259  0183                     _InitApp:	
  1260                           
  1261                           ;user.c: 27: ANSEL = 0x00;
  1262                           
  1263                           ;incstack = 0
  1264                           ; Regs used in _InitApp: [wreg+status,2]
  1265  0183  1683               	bsf	3,5	;RP0=1, select bank1
  1266  0184  019B               	clrf	27	;volatile
  1267                           
  1268                           ;user.c: 29: TRISA = 0xB0;
  1269  0185  30B0               	movlw	176
  1270  0186  0085               	movwf	5	;volatile
  1271                           
  1272                           ;user.c: 30: TRISB = 0x80;
  1273  0187  3080               	movlw	128
  1274  0188  0086               	movwf	6	;volatile
  1275                           
  1276                           ;user.c: 32: IRCF2 = 1;
  1277  0189  170F               	bsf	15,6	;volatile
  1278                           
  1279                           ;user.c: 33: IRCF1 = 1;
  1280  018A  168F               	bsf	15,5	;volatile
  1281                           
  1282                           ;user.c: 34: IRCF0 = 0;
  1283  018B  120F               	bcf	15,4	;volatile
  1284                           
  1285                           ;user.c: 36: TMR1ON = 1;
  1286  018C  1283               	bcf	3,5	;RP0=0, select bank0
  1287  018D  1410               	bsf	16,0	;volatile
  1288                           
  1289                           ;user.c: 37: TMR1CS = 0;
  1290  018E  1090               	bcf	16,1	;volatile
  1291                           
  1292                           ;user.c: 39: TMR1IE = 1;
  1293  018F  1683               	bsf	3,5	;RP0=1, select bank1
  1294  0190  140C               	bsf	12,0	;volatile
  1295                           
  1296                           ;user.c: 40: PEIE = 1;
  1297  0191  170B               	bsf	11,6	;volatile
  1298                           
  1299                           ;user.c: 41: GIE = 1;
  1300  0192  178B               	bsf	11,7	;volatile
  1301  0193  0008               	return
  1302  0194                     __end_of_InitApp:	
  1303                           
  1304                           	psect	text6
  1305  0194                     __ptext6:	
  1306 ;; *************** function _ConfigureOscillator *****************
  1307 ;; Defined at:
  1308 ;;		line 18 in file "system.c"
  1309 ;; Parameters:    Size  Location     Type
  1310 ;;		None
  1311 ;; Auto vars:     Size  Location     Type
  1312 ;;		None
  1313 ;; Return value:  Size  Location     Type
  1314 ;;                  1    wreg      void 
  1315 ;; Registers used:
  1316 ;;		None
  1317 ;; Tracked objects:
  1318 ;;		On entry : B00/0
  1319 ;;		On exit  : B00/0
  1320 ;;		Unchanged: B00/0
  1321 ;; Data sizes:     COMMON   BANK0   BANK1   BANK3   BANK2
  1322 ;;      Params:         0       0       0       0       0
  1323 ;;      Locals:         0       0       0       0       0
  1324 ;;      Temps:          0       0       0       0       0
  1325 ;;      Totals:         0       0       0       0       0
  1326 ;;Total ram usage:        0 bytes
  1327 ;; Hardware stack levels used:    1
  1328 ;; Hardware stack levels required when called:    1
  1329 ;; This function calls:
  1330 ;;		Nothing
  1331 ;; This function is called by:
  1332 ;;		_main
  1333 ;; This function uses a non-reentrant model
  1334 ;;
  1335                           
  1336                           
  1337                           ;psect for function _ConfigureOscillator
  1338  0194                     _ConfigureOscillator:	
  1339                           
  1340                           ;incstack = 0
  1341                           ; Regs used in _ConfigureOscillator: []
  1342  0194  0008               	return
  1343  0195                     __end_of_ConfigureOscillator:	
  1344                           
  1345                           	psect	text7
  1346  015E                     __ptext7:	
  1347 ;; *************** function _isr *****************
  1348 ;; Defined at:
  1349 ;;		line 28 in file "interrupts.c"
  1350 ;; Parameters:    Size  Location     Type
  1351 ;;		None
  1352 ;; Auto vars:     Size  Location     Type
  1353 ;;		None
  1354 ;; Return value:  Size  Location     Type
  1355 ;;                  1    wreg      void 
  1356 ;; Registers used:
  1357 ;;		wreg, status,2, status,0
  1358 ;; Tracked objects:
  1359 ;;		On entry : 0/0
  1360 ;;		On exit  : 300/0
  1361 ;;		Unchanged: 0/0
  1362 ;; Data sizes:     COMMON   BANK0   BANK1   BANK3   BANK2
  1363 ;;      Params:         0       0       0       0       0
  1364 ;;      Locals:         0       0       0       0       0
  1365 ;;      Temps:          3       0       0       0       0
  1366 ;;      Totals:         3       0       0       0       0
  1367 ;;Total ram usage:        3 bytes
  1368 ;; Hardware stack levels used:    1
  1369 ;; This function calls:
  1370 ;;		Nothing
  1371 ;; This function is called by:
  1372 ;;		Interrupt level 1
  1373 ;; This function uses a non-reentrant model
  1374 ;;
  1375                           
  1376                           
  1377                           ;psect for function _isr
  1378  015E                     _isr:	
  1379                           
  1380                           ;interrupts.c: 31: if (TMR1IF == 1) {
  1381  015E  1283               	bcf	3,5	;RP0=0, select bank0
  1382  015F  1303               	bcf	3,6	;RP1=0, select bank0
  1383  0160  1C0C               	btfss	12,0	;volatile
  1384  0161  296B               	goto	i1l12
  1385                           
  1386                           ;interrupts.c: 34: TMR1 = 0xFFFF - 0xC350;
  1387  0162  303C               	movlw	60
  1388  0163  008F               	movwf	15	;volatile
  1389  0164  30AF               	movlw	175
  1390  0165  008E               	movwf	14	;volatile
  1391                           
  1392                           ;interrupts.c: 35: time++;
  1393  0166  3001               	movlw	1
  1394  0167  00F0               	movwf	??_isr
  1395  0168  0870               	movf	??_isr,w
  1396  0169  07FA               	addwf	_time,f
  1397                           
  1398                           ;interrupts.c: 36: TMR1IF = 0;
  1399  016A  100C               	bcf	12,0	;volatile
  1400  016B                     i1l12:	
  1401  016B  0872               	movf	??_isr+2,w
  1402  016C  008A               	movwf	10
  1403  016D  0E71               	swapf	(??_isr+1)^(0+4294967168),w
  1404  016E  0083               	movwf	3
  1405  016F  0EFE               	swapf	126,f
  1406  0170  0E7E               	swapf	126,w
  1407  0171  0009               	retfie
  1408  0172                     __end_of_isr:	
  1409  007E                     btemp	set	126	;btemp
  1410  007E                     wtemp0	set	126
  1411                           
  1412                           	psect	intentry
  1413  0004                     __pintentry:	
  1414                           ;incstack = 0
  1415                           ; Regs used in _isr: [wreg+status,2+status,0]
  1416                           
  1417  0004                     interrupt_function:	
  1418  007E                     saved_w	set	btemp
  1419  0004  00FE               	movwf	btemp
  1420  0005  0E03               	swapf	3,w
  1421  0006  00F1               	movwf	??_isr+1
  1422  0007  080A               	movf	10,w
  1423  0008  00F2               	movwf	??_isr+2
  1424  0009  118A  295E         	ljmp	_isr


Data Sizes:
    Strings     0
    Constant    0
    Data        0
    BSS         7
    Persistent  0
    Stack       0

Auto Spaces:
    Space          Size  Autos    Used
    COMMON           14      7      11
    BANK0            80      5       8
    BANK1            80      0       0
    BANK3            96      0       0
    BANK2            96      0       0

Pointer List with Targets:

    None.

Critical Paths under _main in COMMON

    _main->___bmul
    _main->___lbmod

Critical Paths under _isr in COMMON

    None.

Critical Paths under _main in BANK0

    _main->___lbdiv
    _main->___lbmod

Critical Paths under _isr in BANK0

    None.

Critical Paths under _main in BANK1

    None.

Critical Paths under _isr in BANK1

    None.

Critical Paths under _main in BANK3

    None.

Critical Paths under _isr in BANK3

    None.

Critical Paths under _main in BANK2

    None.

Critical Paths under _isr in BANK2

    None.

Call Graph Tables:

 ---------------------------------------------------------------------------------
 (Depth) Function   	        Calls       Base Space   Used Autos Params    Refs
 ---------------------------------------------------------------------------------
 (0) _main                                                 2     2      0    1059
                                              3 BANK0      2     2      0
                _ConfigureOscillator
                            _InitApp
                             ___bmul
                            ___lbdiv
                            ___lbmod
                            _display
 ---------------------------------------------------------------------------------
 (1) _display                                              2     0      2     181
                                              3 COMMON     2     0      2
 ---------------------------------------------------------------------------------
 (1) ___lbmod                                              7     6      1     362
                                              3 COMMON     4     3      1
                                              0 BANK0      3     3      0
 ---------------------------------------------------------------------------------
 (1) ___lbdiv                                              5     4      1     371
                                              3 COMMON     2     1      1
                                              0 BANK0      3     3      0
 ---------------------------------------------------------------------------------
 (1) ___bmul                                               4     3      1     145
                                              3 COMMON     4     3      1
 ---------------------------------------------------------------------------------
 (1) _InitApp                                              0     0      0       0
 ---------------------------------------------------------------------------------
 (1) _ConfigureOscillator                                  0     0      0       0
 ---------------------------------------------------------------------------------
 Estimated maximum stack depth 1
 ---------------------------------------------------------------------------------
 (Depth) Function   	        Calls       Base Space   Used Autos Params    Refs
 ---------------------------------------------------------------------------------
 (2) _isr                                                  3     3      0       0
                                              0 COMMON     3     3      0
 ---------------------------------------------------------------------------------
 Estimated maximum stack depth 2
 ---------------------------------------------------------------------------------

 Call Graph Graphs:

 _main (ROOT)
   _ConfigureOscillator
   _InitApp
   ___bmul
   ___lbdiv
   ___lbmod
   _display

 _isr (ROOT)

 Address spaces:
Name               Size   Autos  Total    Cost      Usage
BITCOMMON            E      0       0       0        0.0%
EEDATA             100      0       0       0        0.0%
NULL                 0      0       0       0        0.0%
CODE                 0      0       0       0        0.0%
COMMON               E      7       B       1       78.6%
BITSFR0              0      0       0       1        0.0%
SFR0                 0      0       0       1        0.0%
BITSFR1              0      0       0       2        0.0%
SFR1                 0      0       0       2        0.0%
STACK                0      0       0       2        0.0%
ABS                  0      0      13       3        0.0%
BITBANK0            50      0       0       4        0.0%
BITSFR3              0      0       0       4        0.0%
SFR3                 0      0       0       4        0.0%
BANK0               50      5       8       5       10.0%
BITSFR2              0      0       0       5        0.0%
SFR2                 0      0       0       5        0.0%
BITBANK1            50      0       0       6        0.0%
BANK1               50      0       0       7        0.0%
BITBANK3            60      0       0       8        0.0%
BANK3               60      0       0       9        0.0%
BITBANK2            60      0       0      10        0.0%
BANK2               60      0       0      11        0.0%
DATA                 0      0      13      12        0.0%


Microchip Technology PIC Macro Assembler V2.05 build -831301201 
Symbol Table                                                                                   Mon Apr 08 19:28:31 2019

              ___bmul@product 0075                   __CFG_CP$OFF 0000                            l53 0119  
                         l502 0137                           l831 00E0                           l841 00EF  
                         l833 00E3                           l825 00D7                           l843 00F1  
                         l835 00E6                           l827 00DA                           l837 00E9  
                         l829 00DD                           l839 00EC                           l847 00F4  
                         l881 017A                           l877 0174                           _GIE 005F  
                         _RA4 002C                  __CFG_CPD$OFF 0000                           u375 0123  
                         u477 006C                           u487 00A3                           u497 00CB  
                         _isr 015E                  __CFG_IESO$ON 0000                  __CFG_LVP$OFF 0000  
                        l1033 0144                          l1035 014D                          l1045 015C  
                        l1053 0120                          l1125 0049                          l1127 00D0  
                        l1083 0031                          l1149 00F9                          l1077 002B  
                        l1069 001F                          l1089 003A                          ?_isr 0070  
                        _PEIE 005E                          i1l12 016B                          _TMR1 000E  
                __CFG_WRT$OFF 0000                 __CFG_FCMEN$ON 0000                          _main 0019  
                        _temp 0077                          _time 007A                          _prev 0079  
                        btemp 007E                 __CFG_BOREN$ON 0000                          start 000B  
           ___bmul@multiplier 0076                 __CFG_MCLRE$ON 0000               __end_of_InitApp 0194  
                       ??_isr 0070                         ?_main 0070               __end_of___lbdiv 015E  
               __CFG_WDTE$OFF 0000               __end_of___lbmod 013D                         _ANSEL 009B  
                       _IRCF0 047C                         _IRCF1 047D                         _IRCF2 047E  
                       _PORTA 0005                         _PORTB 0006                         _TRISA 0085  
                       _TRISB 0086           _ConfigureOscillator 0194                __CFG_CCPMX$RB0 0000  
             __end_of_display 011A                         _temp2 0025                         _time2 0026  
                       pclath 000A                         status 0003                         wtemp0 007E  
             ___lbdiv@divisor 0073               ___lbdiv@counter 0021          ?_ConfigureOscillator 0070  
             __initialization 000D                  __end_of_main 00D6             display@decomposed 0073  
                      ??_main 0023                        _TMR1IE 0460                        _TMR1IF 0060  
                      _TMR1CS 0081                        _TMR1ON 0080                     ??_InitApp 0073  
       ??_ConfigureOscillator 0073                __CFG_PWRTE$OFF 0000                        ___bmul 0172  
                   ??___lbdiv 0074                     ??___lbmod 0074                     ??_display 0075  
                      saved_w 007E              ___lbdiv@dividend 0020               ___lbmod@divisor 0073  
     __end_of__initialization 0016               ___lbmod@counter 0021           ___bmul@multiplicand 0073  
              __pcstackCOMMON 0070              ___lbdiv@quotient 0022                    __pbssBANK0 0025  
                  _decomposed 0078                    __pmaintext 0019                       ?___bmul 0073  
                  __pintentry 0004                       _InitApp 0183               __size_of___bmul 0011  
                     ___lbdiv 013D                       ___lbmod 011A                       __ptext1 00D6  
                     __ptext2 011A                       __ptext3 013D                       __ptext4 0172  
                     __ptext5 0183                       __ptext6 0194                       __ptext7 015E  
                     _display 00D6                  __size_of_isr 0014          end_of_initialization 0016  
            ___lbmod@dividend 0020   __end_of_ConfigureOscillator 0195                   ___lbmod@rem 0022  
              __end_of___bmul 0183           start_initialization 000D                   __end_of_isr 0172  
                    ??___bmul 0074                   __pbssCOMMON 0077                     ___latbits 0001  
               __pcstackBANK0 0020                      ?_InitApp 0070                      ?___lbdiv 0073  
                    ?___lbmod 0073                     _heartbeat 0027                      ?_display 0073  
           interrupt_function 0004              __size_of_InitApp 0011              __size_of___lbdiv 0021  
            __size_of___lbmod 0023              __size_of_display 0044                 __size_of_main 00BD  
__size_of_ConfigureOscillator 0001                      intlevel1 0000            __CFG_FOSC$INTOSCIO 0000  
